1518248682265	geckodriver	INFO	geckodriver 0.19.1
1518248682333	geckodriver	INFO	Listening on 127.0.0.1:51168
1518248683665	mozrunner::runner	INFO	Running command: "/Applications/Firefox.app/Contents/MacOS/firefox-bin" "-marionette" "-profile" "/var/folders/b8/7vdx6fps03d16py951kljvkm0000gn/T/rust_mozprofile.1JjPZRGgr7im"
1518248686648	Marionette	INFO	Enabled via --marionette
2018-02-10 13:14:47.689 plugin-container[27226:1340237] *** CFMessagePort: bootstrap_register(): failed 1100 (0x44c) 'Permission denied', port = 0x9c37, name = 'com.apple.tsm.portname'
See /usr/include/servers/bootstrap_defs.h for the error codes.
2018-02-10 13:14:48.771 plugin-container[27227:1340315] *** CFMessagePort: bootstrap_register(): failed 1100 (0x44c) 'Permission denied', port = 0x9d37, name = 'com.apple.tsm.portname'
See /usr/include/servers/bootstrap_defs.h for the error codes.
1518248688820	Marionette	INFO	Listening on port 51179
1518248688883	Marionette	WARN	TLS certificate errors will be ignored for this session
1518248856386	geckodriver	INFO	geckodriver 0.19.1
1518248856484	geckodriver	INFO	Listening on 127.0.0.1:51309
1518248857492	mozrunner::runner	INFO	Running command: "/Applications/Firefox.app/Contents/MacOS/firefox-bin" "-marionette" "-profile" "/var/folders/b8/7vdx6fps03d16py951kljvkm0000gn/T/rust_mozprofile.21SP2TRcmjia"
1518248860544	Marionette	INFO	Enabled via --marionette
2018-02-10 13:17:41.750 plugin-container[27238:1341371] *** CFMessagePort: bootstrap_register(): failed 1100 (0x44c) 'Permission denied', port = 0x9e2b, name = 'com.apple.tsm.portname'
See /usr/include/servers/bootstrap_defs.h for the error codes.
2018-02-10 13:17:42.816 plugin-container[27239:1341430] *** CFMessagePort: bootstrap_register(): failed 1100 (0x44c) 'Permission denied', port = 0x9d37, name = 'com.apple.tsm.portname'
See /usr/include/servers/bootstrap_defs.h for the error codes.
1518248863036	Marionette	INFO	Listening on port 51320
1518248863129	Marionette	WARN	TLS certificate errors will be ignored for this session
*** UTM:SVC TimerManager:registerTimer called after profile-before-change notification. Ignoring timer registration for id: telemetry_modules_ping
1518249213258	geckodriver	INFO	geckodriver 0.19.1
1518249213333	geckodriver	INFO	Listening on 127.0.0.1:51475
1518249214336	mozrunner::runner	INFO	Running command: "/Applications/Firefox.app/Contents/MacOS/firefox-bin" "-marionette" "-profile" "/var/folders/b8/7vdx6fps03d16py951kljvkm0000gn/T/rust_mozprofile.HhEZL5h9tWiW"
1518249216533	Marionette	INFO	Enabled via --marionette
2018-02-10 13:23:37.558 plugin-container[27283:1343522] *** CFMessagePort: bootstrap_register(): failed 1100 (0x44c) 'Permission denied', port = 0x9e37, name = 'com.apple.tsm.portname'
See /usr/include/servers/bootstrap_defs.h for the error codes.
1518249218340	Marionette	INFO	Listening on port 51486
1518249218424	Marionette	WARN	TLS certificate errors will be ignored for this session
2018-02-10 13:23:38.597 plugin-container[27287:1343633] *** CFMessagePort: bootstrap_register(): failed 1100 (0x44c) 'Permission denied', port = 0x9c37, name = 'com.apple.tsm.portname'
See /usr/include/servers/bootstrap_defs.h for the error codes.
1518249392951	geckodriver	INFO	geckodriver 0.19.1
1518249393031	geckodriver	INFO	Listening on 127.0.0.1:51620
1518249394100	mozrunner::runner	INFO	Running command: "/Applications/Firefox.app/Contents/MacOS/firefox-bin" "-marionette" "-profile" "/var/folders/b8/7vdx6fps03d16py951kljvkm0000gn/T/rust_mozprofile.33agg7CtcxTB"
1518249394780	Marionette	INFO	Enabled via --marionette
2018-02-10 13:26:35.736 plugin-container[27294:1344773] *** CFMessagePort: bootstrap_register(): failed 1100 (0x44c) 'Permission denied', port = 0x9f2b, name = 'com.apple.tsm.portname'
See /usr/include/servers/bootstrap_defs.h for the error codes.
1518249396502	Marionette	INFO	Listening on port 51631
1518249396530	Marionette	WARN	TLS certificate errors will be ignored for this session
2018-02-10 13:26:37.189 plugin-container[27295:1344856] *** CFMessagePort: bootstrap_register(): failed 1100 (0x44c) 'Permission denied', port = 0x9b37, name = 'com.apple.tsm.portname'
See /usr/include/servers/bootstrap_defs.h for the error codes.
1518249441575	geckodriver	INFO	geckodriver 0.19.1
1518249441654	geckodriver	INFO	Listening on 127.0.0.1:51697
1518249442717	mozrunner::runner	INFO	Running command: "/Applications/Firefox.app/Contents/MacOS/firefox-bin" "-marionette" "-profile" "/var/folders/b8/7vdx6fps03d16py951kljvkm0000gn/T/rust_mozprofile.zBLA103uqgOM"
1518249443303	Marionette	INFO	Enabled via --marionette
2018-02-10 13:27:24.151 plugin-container[27305:1345384] *** CFMessagePort: bootstrap_register(): failed 1100 (0x44c) 'Permission denied', port = 0xa023, name = 'com.apple.tsm.portname'
See /usr/include/servers/bootstrap_defs.h for the error codes.
1518249444839	Marionette	INFO	Listening on port 51708
1518249444941	Marionette	WARN	TLS certificate errors will be ignored for this session
1518249445372	addons.xpi	WARN	Exception running bootstrap method shutdown on activity-stream@mozilla.org: [Exception... "Component returned failure code: 0x80004005 (NS_ERROR_FAILURE) [nsIObserverService.removeObserver]"  nsresult: "0x80004005 (NS_ERROR_FAILURE)"  location: "JS frame :: resource://activity-stream/lib/SnippetsFeed.jsm :: uninit :: line 125"  data: no] Stack trace: uninit()@resource://activity-stream/lib/SnippetsFeed.jsm:125 < onAction()@resource://activity-stream/lib/SnippetsFeed.jsm:141 < _middleware/</<()@resource://activity-stream/lib/Store.jsm:51 < Store/this[method]()@resource://activity-stream/lib/Store.jsm:30 < uninit()@resource://activity-stream/lib/Store.jsm:153 < uninit()@resource://activity-stream/lib/ActivityStream.jsm:278 < uninit()@resource://gre/modules/addons/XPIProvider.jsm -> jar:file:///Applications/Firefox.app/Contents/Resources/browser/features/activity-stream@mozilla.org.xpi!/bootstrap.js:80 < shutdown()@resource://gre/modules/addons/XPIProvider.jsm -> jar:file:///Applications/Firefox.app/Contents/Resources/browser/features/activity-stream@mozilla.org.xpi!/bootstrap.js:196 < callBootstrapMethod()@resource://gre/modules/addons/XPIProvider.jsm:4406 < observe()@resource://gre/modules/addons/XPIProvider.jsm:2270 < GeckoDriver.prototype.quit()@driver.js:3381 < despatch()@server.js:560 < execute()@server.js:534 < onPacket/<()@server.js:509 < onPacket()@server.js:508 < _onJSONObjectReady/<()@transport.js:500
2018-02-10 13:27:25.380 plugin-container[27306:1345465] *** CFMessagePort: bootstrap_register(): failed 1100 (0x44c) 'Permission denied', port = 0x9d37, name = 'com.apple.tsm.portname'
See /usr/include/servers/bootstrap_defs.h for the error codes.
2018-02-10 13:28:08.931 plugin-container[27308:1346090] *** CFMessagePort: bootstrap_register(): failed 1100 (0x44c) 'Permission denied', port = 0x9e33, name = 'com.apple.tsm.portname'
See /usr/include/servers/bootstrap_defs.h for the error codes.
1518249659187	geckodriver	INFO	geckodriver 0.19.1
1518249659256	geckodriver	INFO	Listening on 127.0.0.1:51775
1518249660303	mozrunner::runner	INFO	Running command: "/Applications/Firefox.app/Contents/MacOS/firefox-bin" "-marionette" "-profile" "/var/folders/b8/7vdx6fps03d16py951kljvkm0000gn/T/rust_mozprofile.j6uDYvzR4uE8"
1518249660823	Marionette	INFO	Enabled via --marionette
2018-02-10 13:31:01.753 plugin-container[27337:1347231] *** CFMessagePort: bootstrap_register(): failed 1100 (0x44c) 'Permission denied', port = 0x9f37, name = 'com.apple.tsm.portname'
See /usr/include/servers/bootstrap_defs.h for the error codes.
1518249662352	Marionette	INFO	Listening on port 51786
1518249662377	Marionette	WARN	TLS certificate errors will be ignored for this session
1518249662923	addons.xpi	WARN	Exception running bootstrap method shutdown on activity-stream@mozilla.org: [Exception... "Component returned failure code: 0x80004005 (NS_ERROR_FAILURE) [nsIObserverService.removeObserver]"  nsresult: "0x80004005 (NS_ERROR_FAILURE)"  location: "JS frame :: resource://activity-stream/lib/SnippetsFeed.jsm :: uninit :: line 125"  data: no] Stack trace: uninit()@resource://activity-stream/lib/SnippetsFeed.jsm:125 < onAction()@resource://activity-stream/lib/SnippetsFeed.jsm:141 < _middleware/</<()@resource://activity-stream/lib/Store.jsm:51 < Store/this[method]()@resource://activity-stream/lib/Store.jsm:30 < uninit()@resource://activity-stream/lib/Store.jsm:153 < uninit()@resource://activity-stream/lib/ActivityStream.jsm:278 < uninit()@resource://gre/modules/addons/XPIProvider.jsm -> jar:file:///Applications/Firefox.app/Contents/Resources/browser/features/activity-stream@mozilla.org.xpi!/bootstrap.js:80 < shutdown()@resource://gre/modules/addons/XPIProvider.jsm -> jar:file:///Applications/Firefox.app/Contents/Resources/browser/features/activity-stream@mozilla.org.xpi!/bootstrap.js:196 < callBootstrapMethod()@resource://gre/modules/addons/XPIProvider.jsm:4406 < observe()@resource://gre/modules/addons/XPIProvider.jsm:2270 < GeckoDriver.prototype.quit()@driver.js:3381 < despatch()@server.js:560 < execute()@server.js:534 < onPacket/<()@server.js:509 < onPacket()@server.js:508 < _onJSONObjectReady/<()@transport.js:500
1518249726270	geckodriver	INFO	geckodriver 0.19.1
1518249726336	geckodriver	INFO	Listening on 127.0.0.1:51851
1518249727355	mozrunner::runner	INFO	Running command: "/Applications/Firefox.app/Contents/MacOS/firefox-bin" "-marionette" "-profile" "/var/folders/b8/7vdx6fps03d16py951kljvkm0000gn/T/rust_mozprofile.UZZNUtfzUd8l"
1518249727870	Marionette	INFO	Enabled via --marionette
2018-02-10 13:32:08.694 plugin-container[27350:1348365] *** CFMessagePort: bootstrap_register(): failed 1100 (0x44c) 'Permission denied', port = 0x9f37, name = 'com.apple.tsm.portname'
See /usr/include/servers/bootstrap_defs.h for the error codes.
1518249729287	Marionette	INFO	Listening on port 51862
1518249729338	Marionette	WARN	TLS certificate errors will be ignored for this session
2018-02-10 13:32:09.975 plugin-container[27351:1348442] *** CFMessagePort: bootstrap_register(): failed 1100 (0x44c) 'Permission denied', port = 0x9b37, name = 'com.apple.tsm.portname'
See /usr/include/servers/bootstrap_defs.h for the error codes.
1518249730029	addons.xpi	WARN	Exception running bootstrap method shutdown on activity-stream@mozilla.org: [Exception... "Component returned failure code: 0x80004005 (NS_ERROR_FAILURE) [nsIObserverService.removeObserver]"  nsresult: "0x80004005 (NS_ERROR_FAILURE)"  location: "JS frame :: resource://activity-stream/lib/SnippetsFeed.jsm :: uninit :: line 125"  data: no] Stack trace: uninit()@resource://activity-stream/lib/SnippetsFeed.jsm:125 < onAction()@resource://activity-stream/lib/SnippetsFeed.jsm:141 < _middleware/</<()@resource://activity-stream/lib/Store.jsm:51 < Store/this[method]()@resource://activity-stream/lib/Store.jsm:30 < uninit()@resource://activity-stream/lib/Store.jsm:153 < uninit()@resource://activity-stream/lib/ActivityStream.jsm:278 < uninit()@resource://gre/modules/addons/XPIProvider.jsm -> jar:file:///Applications/Firefox.app/Contents/Resources/browser/features/activity-stream@mozilla.org.xpi!/bootstrap.js:80 < shutdown()@resource://gre/modules/addons/XPIProvider.jsm -> jar:file:///Applications/Firefox.app/Contents/Resources/browser/features/activity-stream@mozilla.org.xpi!/bootstrap.js:196 < callBootstrapMethod()@resource://gre/modules/addons/XPIProvider.jsm:4406 < observe()@resource://gre/modules/addons/XPIProvider.jsm:2270 < GeckoDriver.prototype.quit()@driver.js:3381 < despatch()@server.js:560 < execute()@server.js:534 < onPacket/<()@server.js:509 < onPacket()@server.js:508 < _onJSONObjectReady/<()@transport.js:500
[GFX1-]: Receive IPC close with reason=AbnormalShutdown
1518249738033	geckodriver	INFO	geckodriver 0.19.1
1518249738105	geckodriver	INFO	Listening on 127.0.0.1:51922
1518249739108	mozrunner::runner	INFO	Running command: "/Applications/Firefox.app/Contents/MacOS/firefox-bin" "-marionette" "-profile" "/var/folders/b8/7vdx6fps03d16py951kljvkm0000gn/T/rust_mozprofile.GEyj5hnCtwXX"
1518249739615	Marionette	INFO	Enabled via --marionette
2018-02-10 13:32:20.520 plugin-container[27358:1349088] *** CFMessagePort: bootstrap_register(): failed 1100 (0x44c) 'Permission denied', port = 0xa133, name = 'com.apple.tsm.portname'
See /usr/include/servers/bootstrap_defs.h for the error codes.
1518249740862	Marionette	INFO	Listening on port 51933
1518249740887	Marionette	WARN	TLS certificate errors will be ignored for this session
1518249741370	addons.xpi	WARN	Exception running bootstrap method shutdown on activity-stream@mozilla.org: [Exception... "Component returned failure code: 0x80004005 (NS_ERROR_FAILURE) [nsIObserverService.removeObserver]"  nsresult: "0x80004005 (NS_ERROR_FAILURE)"  location: "JS frame :: resource://activity-stream/lib/SnippetsFeed.jsm :: uninit :: line 125"  data: no] Stack trace: uninit()@resource://activity-stream/lib/SnippetsFeed.jsm:125 < onAction()@resource://activity-stream/lib/SnippetsFeed.jsm:141 < _middleware/</<()@resource://activity-stream/lib/Store.jsm:51 < Store/this[method]()@resource://activity-stream/lib/Store.jsm:30 < uninit()@resource://activity-stream/lib/Store.jsm:153 < uninit()@resource://activity-stream/lib/ActivityStream.jsm:278 < uninit()@resource://gre/modules/addons/XPIProvider.jsm -> jar:file:///Applications/Firefox.app/Contents/Resources/browser/features/activity-stream@mozilla.org.xpi!/bootstrap.js:80 < shutdown()@resource://gre/modules/addons/XPIProvider.jsm -> jar:file:///Applications/Firefox.app/Contents/Resources/browser/features/activity-stream@mozilla.org.xpi!/bootstrap.js:196 < callBootstrapMethod()@resource://gre/modules/addons/XPIProvider.jsm:4406 < observe()@resource://gre/modules/addons/XPIProvider.jsm:2270 < GeckoDriver.prototype.quit()@driver.js:3381 < despatch()@server.js:560 < execute()@server.js:534 < onPacket/<()@server.js:509 < onPacket()@server.js:508 < _onJSONObjectReady/<()@transport.js:500
1518255179338	geckodriver	INFO	geckodriver 0.19.1
1518255179417	geckodriver	INFO	Listening on 127.0.0.1:52511
1518255180784	mozrunner::runner	INFO	Running command: "/Applications/Firefox.app/Contents/MacOS/firefox-bin" "-marionette" "-profile" "/var/folders/b8/7vdx6fps03d16py951kljvkm0000gn/T/rust_mozprofile.XgN7gR80HbaB"
1518255183851	Marionette	INFO	Enabled via --marionette
2018-02-10 15:03:04.930 plugin-container[27871:1379071] *** CFMessagePort: bootstrap_register(): failed 1100 (0x44c) 'Permission denied', port = 0xa133, name = 'com.apple.tsm.portname'
See /usr/include/servers/bootstrap_defs.h for the error codes.
1518255185811	Marionette	INFO	Listening on port 52522
2018-02-10 15:03:05.838 plugin-container[27872:1379139] *** CFMessagePort: bootstrap_register(): failed 1100 (0x44c) 'Permission denied', port = 0x9c37, name = 'com.apple.tsm.portname'
See /usr/include/servers/bootstrap_defs.h for the error codes.
1518255185871	Marionette	WARN	TLS certificate errors will be ignored for this session
1518255186564	addons.xpi	WARN	Exception running bootstrap method shutdown on activity-stream@mozilla.org: [Exception... "Component returned failure code: 0x80004005 (NS_ERROR_FAILURE) [nsIObserverService.removeObserver]"  nsresult: "0x80004005 (NS_ERROR_FAILURE)"  location: "JS frame :: resource://activity-stream/lib/SnippetsFeed.jsm :: uninit :: line 125"  data: no] Stack trace: uninit()@resource://activity-stream/lib/SnippetsFeed.jsm:125 < onAction()@resource://activity-stream/lib/SnippetsFeed.jsm:141 < _middleware/</<()@resource://activity-stream/lib/Store.jsm:51 < Store/this[method]()@resource://activity-stream/lib/Store.jsm:30 < uninit()@resource://activity-stream/lib/Store.jsm:153 < uninit()@resource://activity-stream/lib/ActivityStream.jsm:278 < uninit()@resource://gre/modules/addons/XPIProvider.jsm -> jar:file:///Applications/Firefox.app/Contents/Resources/browser/features/activity-stream@mozilla.org.xpi!/bootstrap.js:80 < shutdown()@resource://gre/modules/addons/XPIProvider.jsm -> jar:file:///Applications/Firefox.app/Contents/Resources/browser/features/activity-stream@mozilla.org.xpi!/bootstrap.js:196 < callBootstrapMethod()@resource://gre/modules/addons/XPIProvider.jsm:4406 < observe()@resource://gre/modules/addons/XPIProvider.jsm:2270 < GeckoDriver.prototype.quit()@driver.js:3381 < despatch()@server.js:560 < execute()@server.js:534 < onPacket/<()@server.js:509 < onPacket()@server.js:508 < _onJSONObjectReady/<()@transport.js:500
[Child 27871, Chrome_ChildThread] WARNING: pipe error: Broken pipe: file /builds/worker/workspace/build/src/ipc/chromium/src/chrome/common/ipc_channel_posix.cc, line 709
[GFX1-]: Receive IPC close with reason=AbnormalShutdown
1518258813882	geckodriver	INFO	geckodriver 0.19.1
1518258813961	geckodriver	INFO	Listening on 127.0.0.1:52756
1518258815035	mozrunner::runner	INFO	Running command: "/Applications/Firefox.app/Contents/MacOS/firefox-bin" "-marionette" "-profile" "/var/folders/b8/7vdx6fps03d16py951kljvkm0000gn/T/rust_mozprofile.XFOjd3GcMG2c"
1518258817644	Marionette	INFO	Enabled via --marionette
2018-02-10 16:03:38.723 plugin-container[28031:1392142] *** CFMessagePort: bootstrap_register(): failed 1100 (0x44c) 'Permission denied', port = 0xa033, name = 'com.apple.tsm.portname'
See /usr/include/servers/bootstrap_defs.h for the error codes.
1518258819381	Marionette	INFO	Listening on port 52767
1518258819409	Marionette	WARN	TLS certificate errors will be ignored for this session
1518258820063	addons.xpi	WARN	Exception running bootstrap method shutdown on activity-stream@mozilla.org: [Exception... "Component returned failure code: 0x80004005 (NS_ERROR_FAILURE) [nsIObserverService.removeObserver]"  nsresult: "0x80004005 (NS_ERROR_FAILURE)"  location: "JS frame :: resource://activity-stream/lib/SnippetsFeed.jsm :: uninit :: line 125"  data: no] Stack trace: uninit()@resource://activity-stream/lib/SnippetsFeed.jsm:125 < onAction()@resource://activity-stream/lib/SnippetsFeed.jsm:141 < _middleware/</<()@resource://activity-stream/lib/Store.jsm:51 < Store/this[method]()@resource://activity-stream/lib/Store.jsm:30 < uninit()@resource://activity-stream/lib/Store.jsm:153 < uninit()@resource://activity-stream/lib/ActivityStream.jsm:278 < uninit()@resource://gre/modules/addons/XPIProvider.jsm -> jar:file:///Applications/Firefox.app/Contents/Resources/browser/features/activity-stream@mozilla.org.xpi!/bootstrap.js:80 < shutdown()@resource://gre/modules/addons/XPIProvider.jsm -> jar:file:///Applications/Firefox.app/Contents/Resources/browser/features/activity-stream@mozilla.org.xpi!/bootstrap.js:196 < callBootstrapMethod()@resource://gre/modules/addons/XPIProvider.jsm:4406 < observe()@resource://gre/modules/addons/XPIProvider.jsm:2270 < GeckoDriver.prototype.quit()@driver.js:3381 < despatch()@server.js:560 < execute()@server.js:534 < onPacket/<()@server.js:509 < onPacket()@server.js:508 < _onJSONObjectReady/<()@transport.js:500
[GFX1-]: Receive IPC close with reason=AbnormalShutdown
